<?xml version="1.0" encoding="UTF-8"?>
<!-- Generated by org.testng.reporters.JUnitReportReporter -->
<testsuite hostname="DESKTOP-CG5NQD4" failures="0" tests="1" name="Basic_programming.Selenium_Automation.TestNG_Class" time="0.014" errors="0" timestamp="2024-04-14T22:58:41 IST" skipped="0">
  <testcase classname="Basic_programming.Selenium_Automation.TestNG_Class" name="add" time="0.014"/>
</testsuite> <!-- Basic_programming.Selenium_Automation.TestNG_Class -->
